[2018-09-11 18:51:56.259] [jointLog] [info] Fragment incompatibility prior below threshold.  Incompatible fragments will be ignored.
[2018-09-11 18:51:56.259] [jointLog] [info] parsing read library format
[2018-09-11 18:51:56.259] [jointLog] [info] There is 1 library.
[2018-09-11 18:51:56.319] [jointLog] [info] Loading Quasi index
[2018-09-11 18:51:56.320] [jointLog] [info] Loading 32-bit quasi index
[2018-09-11 18:52:04.777] [jointLog] [info] done
[2018-09-11 18:52:04.777] [jointLog] [info] Index contained 199658 targets
[2018-09-11 18:52:05.540] [jointLog] [info] Automatically detected most likely library type as SR
[2018-09-11 18:54:10.643] [jointLog] [info] Thread saw mini-batch with a maximum of 1.32% zero probability fragments
[2018-09-11 18:54:10.643] [jointLog] [info] Thread saw mini-batch with a maximum of 1.30% zero probability fragments
[2018-09-11 18:54:10.643] [jointLog] [info] Thread saw mini-batch with a maximum of 1.42% zero probability fragments
[2018-09-11 18:54:10.643] [jointLog] [info] Thread saw mini-batch with a maximum of 1.36% zero probability fragments
[2018-09-11 18:54:10.643] [jointLog] [info] Thread saw mini-batch with a maximum of 1.34% zero probability fragments
[2018-09-11 18:54:10.643] [jointLog] [info] Thread saw mini-batch with a maximum of 1.36% zero probability fragments
[2018-09-11 18:54:10.643] [jointLog] [info] Thread saw mini-batch with a maximum of 1.30% zero probability fragments
[2018-09-11 18:54:10.643] [jointLog] [info] Thread saw mini-batch with a maximum of 1.42% zero probability fragments
[2018-09-11 18:54:10.643] [jointLog] [info] Thread saw mini-batch with a maximum of 1.36% zero probability fragments
[2018-09-11 18:54:10.643] [jointLog] [info] Thread saw mini-batch with a maximum of 1.44% zero probability fragments
[2018-09-11 18:54:10.643] [jointLog] [info] Thread saw mini-batch with a maximum of 1.38% zero probability fragments
[2018-09-11 18:54:10.643] [jointLog] [info] Thread saw mini-batch with a maximum of 1.36% zero probability fragments
[2018-09-11 18:54:10.643] [jointLog] [info] Thread saw mini-batch with a maximum of 1.50% zero probability fragments
[2018-09-11 18:54:10.643] [jointLog] [info] Thread saw mini-batch with a maximum of 1.52% zero probability fragments
[2018-09-11 18:54:10.643] [jointLog] [info] Thread saw mini-batch with a maximum of 1.30% zero probability fragments
[2018-09-11 18:54:10.643] [jointLog] [info] Thread saw mini-batch with a maximum of 1.34% zero probability fragments
[2018-09-11 18:54:10.643] [jointLog] [info] Thread saw mini-batch with a maximum of 1.34% zero probability fragments
[2018-09-11 18:54:10.643] [jointLog] [info] Thread saw mini-batch with a maximum of 1.40% zero probability fragments
[2018-09-11 18:54:10.643] [jointLog] [info] Thread saw mini-batch with a maximum of 1.36% zero probability fragments
[2018-09-11 18:54:10.643] [jointLog] [info] Thread saw mini-batch with a maximum of 1.36% zero probability fragments
[2018-09-11 18:54:10.643] [jointLog] [info] Thread saw mini-batch with a maximum of 1.38% zero probability fragments
[2018-09-11 18:54:10.643] [jointLog] [info] Thread saw mini-batch with a maximum of 1.50% zero probability fragments
[2018-09-11 18:54:10.643] [jointLog] [info] Thread saw mini-batch with a maximum of 1.28% zero probability fragments
[2018-09-11 18:54:10.643] [jointLog] [info] Thread saw mini-batch with a maximum of 1.34% zero probability fragments
[2018-09-11 18:54:10.643] [jointLog] [info] Thread saw mini-batch with a maximum of 1.36% zero probability fragments
[2018-09-11 18:54:10.718] [jointLog] [info] Thread saw mini-batch with a maximum of 1.28% zero probability fragments
[2018-09-11 18:54:10.722] [jointLog] [info] Thread saw mini-batch with a maximum of 1.38% zero probability fragments
[2018-09-11 18:54:10.733] [jointLog] [info] Thread saw mini-batch with a maximum of 1.32% zero probability fragments
[2018-09-11 18:54:10.741] [jointLog] [info] Thread saw mini-batch with a maximum of 1.36% zero probability fragments
[2018-09-11 18:54:10.746] [jointLog] [info] Thread saw mini-batch with a maximum of 1.32% zero probability fragments
[2018-09-11 18:54:10.753] [jointLog] [info] Thread saw mini-batch with a maximum of 1.44% zero probability fragments
[2018-09-11 18:54:10.781] [jointLog] [info] Thread saw mini-batch with a maximum of 1.24% zero probability fragments
[2018-09-11 18:54:11.070] [jointLog] [info] Computed 279433 rich equivalence classes for further processing
[2018-09-11 18:54:11.070] [jointLog] [info] Counted 17291667 total reads in the equivalence classes 
[2018-09-11 18:54:11.108] [jointLog] [info] Mapping rate = 81.5471%

[2018-09-11 18:54:11.108] [jointLog] [info] finished quantifyLibrary()
[2018-09-11 18:54:11.143] [jointLog] [info] Starting optimizer
[2018-09-11 18:54:11.070] [fileLog] [info] 
At end of round 0
==================
Observed 21204527 total fragments (21204527 in most recent round)

[2018-09-11 18:54:15.702] [jointLog] [info] Marked 0 weighted equivalence classes as degenerate
[2018-09-11 18:54:15.723] [jointLog] [info] iteration = 0 | max rel diff. = 5767.42
[2018-09-11 18:54:17.765] [jointLog] [info] iteration = 100 | max rel diff. = 18.8929
[2018-09-11 18:54:19.728] [jointLog] [info] iteration = 200 | max rel diff. = 10.8554
[2018-09-11 18:54:21.598] [jointLog] [info] iteration = 300 | max rel diff. = 15.7587
[2018-09-11 18:54:23.414] [jointLog] [info] iteration = 400 | max rel diff. = 5.05049
[2018-09-11 18:54:25.485] [jointLog] [info] iteration = 500 | max rel diff. = 16.9724
[2018-09-11 18:54:27.337] [jointLog] [info] iteration = 600 | max rel diff. = 1.19312
[2018-09-11 18:54:29.279] [jointLog] [info] iteration = 700 | max rel diff. = 8.3798
[2018-09-11 18:54:31.245] [jointLog] [info] iteration = 800 | max rel diff. = 0.126327
[2018-09-11 18:54:33.246] [jointLog] [info] iteration = 900 | max rel diff. = 0.0995286
[2018-09-11 18:54:35.255] [jointLog] [info] iteration = 1000 | max rel diff. = 3.88655
[2018-09-11 18:54:37.091] [jointLog] [info] iteration = 1100 | max rel diff. = 0.0824643
[2018-09-11 18:54:38.946] [jointLog] [info] iteration = 1200 | max rel diff. = 9.81971
[2018-09-11 18:54:40.933] [jointLog] [info] iteration = 1300 | max rel diff. = 1.70482
[2018-09-11 18:54:42.723] [jointLog] [info] iteration = 1400 | max rel diff. = 0.549505
[2018-09-11 18:54:44.737] [jointLog] [info] iteration = 1500 | max rel diff. = 0.0499865
[2018-09-11 18:54:46.586] [jointLog] [info] iteration = 1600 | max rel diff. = 0.0432792
[2018-09-11 18:54:47.018] [jointLog] [info] iteration = 1624 | max rel diff. = 0.00823748
[2018-09-11 18:54:47.055] [jointLog] [info] Finished optimizer
[2018-09-11 18:54:47.055] [jointLog] [info] writing output 

